<?xml version="1.0" encoding="UTF-8"?>
<testng-results ignored="0" total="1" passed="1" failed="0" skipped="0">
  <reporter-output>
  </reporter-output>
  <suite started-at="2023-05-07T14:23:41 IST" name="Admin Users" finished-at="2023-05-07T14:25:47 IST" duration-ms="126723">
    <groups>
      <group name="cucumber">
        <method signature="AbstractTestNGCucumberTests.runScenario(io.cucumber.testng.PickleWrapper,io.cucumber.testng.FeatureWrapper)[pri:0, instance:Cucumber.TestNGTestRunner@909217e]" name="runScenario" class="io.cucumber.testng.AbstractTestNGCucumberTests"/>
      </group> <!-- cucumber -->
    </groups>
    <test started-at="2023-05-07T14:23:41 IST" name="Sanity" finished-at="2023-05-07T14:25:47 IST" duration-ms="126723">
      <class name="Cucumber.TestNGTestRunner">
        <test-method is-config="true" signature="setUpClass()[pri:0, instance:Cucumber.TestNGTestRunner@909217e]" started-at="2023-05-07T14:23:41 IST" name="setUpClass" finished-at="2023-05-07T14:23:41 IST" duration-ms="704" status="PASS">
          <reporter-output>
          </reporter-output>
        </test-method> <!-- setUpClass -->
        <test-method signature="runScenario(io.cucumber.testng.PickleWrapper,io.cucumber.testng.FeatureWrapper)[pri:0, instance:Cucumber.TestNGTestRunner@909217e]" started-at="2023-05-07T14:23:41 IST" name="runScenario" description="Runs Cucumber Scenarios" data-provider="scenarios" finished-at="2023-05-07T14:25:47 IST" duration-ms="125681" status="PASS">
          <params>
            <param index="0">
              <value>
                <![CDATA["Book Flight Tickets for Round Trip for Vacinated (Payment not included)"]]>
              </value>
            </param>
            <param index="1">
              <value>
                <![CDATA["Optional[Sanity Suite]"]]>
              </value>
            </param>
          </params>
          <reporter-output>
          </reporter-output>
        </test-method> <!-- runScenario -->
        <test-method is-config="true" signature="tearDownClass()[pri:0, instance:Cucumber.TestNGTestRunner@909217e]" started-at="2023-05-07T14:25:47 IST" name="tearDownClass" finished-at="2023-05-07T14:25:47 IST" duration-ms="297" status="PASS">
          <reporter-output>
          </reporter-output>
        </test-method> <!-- tearDownClass -->
      </class> <!-- Cucumber.TestNGTestRunner -->
    </test> <!-- Sanity -->
  </suite> <!-- Admin Users -->
</testng-results>
